<?xml version="1.0" encoding="UTF-8"?>
<!-- Generated by org.testng.reporters.JUnitReportReporter -->
<testsuite hostname="DESKTOP-008HPJU" failures="0" tests="2" name="TestVagranttestcase.movieinfovalidation" time="0.016" errors="0" timestamp="2022-05-09T18:12:28 IST" skipped="0">
  <testcase classname="TestVagranttestcase.movieinfovalidation" name="countrytest" time="0.013"/>
  <system-out/>
  <testcase classname="TestVagranttestcase.movieinfovalidation" name="releasedatetest" time="0.003"/>
  <system-out/>
</testsuite> <!-- TestVagranttestcase.movieinfovalidation -->
